<?xml version="1.0" encoding="UTF-8"?>
<testsuites>
  <testsuite name="api" tests="24" assertions="99" failures="0" errors="0" time="9.568986">
    <testcase name="GetCategories" file="/Users/stanislavmenshykh/phalcon.local/tests/api/Rest/V1/Categories/GetCategoriesCept.php" feature="GET categories list: /api/v1/categories" assertions="5" time="5.041594"/>
    <testcase name="GetCategoryOne" file="/Users/stanislavmenshykh/phalcon.local/tests/api/Rest/V1/Categories/GetCategoryOneCept.php" feature="GET categories by id: /api/v1/categories/103" assertions="4" time="0.044512"/>
    <testcase name="GetEnginesRelCategories" file="/Users/stanislavmenshykh/phalcon.local/tests/api/Rest/V1/Engines/GetEnginesRelCategoriesCept.php" feature="GET engine -&gt; categories by rel: /api/v1/engines/1/categories" assertions="5" time="0.032799"/>
    <testcase name="GetErrors" file="/Users/stanislavmenshykh/phalcon.local/tests/api/Rest/V1/Errors/GetErrorsCept.php" feature="GET errors list: /api/v1/errors" assertions="5" time="0.026011"/>
    <testcase name="GetLogs" file="/Users/stanislavmenshykh/phalcon.local/tests/api/Rest/V1/Logs/GetLogsCept.php" feature="GET logs list: /api/v1/logs" assertions="5" time="0.226579"/>
    <testcase name="GetLogsOne" file="/Users/stanislavmenshykh/phalcon.local/tests/api/Rest/V1/Logs/GetLogsOneCept.php" feature="GET logs by id: /api/v1/logs/1" assertions="4" time="0.100942"/>
    <testcase name="GetPageOne" file="/Users/stanislavmenshykh/phalcon.local/tests/api/Rest/V1/Pages/GetPageOneCept.php" feature="GET static pages by id: /api/v1/pages/1" assertions="5" time="0.026486"/>
    <testcase name="GetPages" file="/Users/stanislavmenshykh/phalcon.local/tests/api/Rest/V1/Pages/GetPagesCept.php" feature="GET static pages list: /api/v1/pages" assertions="5" time="0.026323"/>
    <testcase name="Auth" file="/Users/stanislavmenshykh/phalcon.local/tests/api/Rest/V1/Sign/AuthCept.php" feature="GET Authorization: /api/v1/sign" assertions="5" time="0.069005"/>
    <testcase name="Delete" file="/Users/stanislavmenshykh/phalcon.local/tests/api/Rest/V1/Sign/DeleteCept.php" feature="DELETE Logout: /api/v1/sign" assertions="4" time="0.176485"/>
    <testcase name="Logout" file="/Users/stanislavmenshykh/phalcon.local/tests/api/Rest/V1/Sign/LogoutCept.php" feature="GET Logout: /api/v1/sign/10" assertions="3" time="0.102443"/>
    <testcase name="Registration" file="/Users/stanislavmenshykh/phalcon.local/tests/api/Rest/V1/Sign/RegistrationCept.php" feature="POST Registration: /api/v1/sign" assertions="4" time="0.212103"/>
    <testcase name="Restore" file="/Users/stanislavmenshykh/phalcon.local/tests/api/Rest/V1/Sign/RestoreCept.php" feature="PUT Restore by Email: /api/v1/sign" assertions="4" time="2.757362"/>
    <testcase name="BadRequestColumns" file="/Users/stanislavmenshykh/phalcon.local/tests/api/Rest/V1/Test/BadRequestColumnsCept.php" feature="GET 400 Bad Request: /api/v1/pages?columns=id,title,wrong" assertions="3" time="0.033014"/>
    <testcase name="Forbidden" file="/Users/stanislavmenshykh/phalcon.local/tests/api/Rest/V1/Test/ForbiddenCept.php" feature="GET 403 Forbidden: /api/v1/users" assertions="3" time="0.096219"/>
    <testcase name="InternalErrorException" file="/Users/stanislavmenshykh/phalcon.local/tests/api/Rest/V1/Test/InternalErrorExceptionCept.php" feature="GET 500 Internal Server Error: /api/v1/test" assertions="3" time="0.020445"/>
    <testcase name="Limit" file="/Users/stanislavmenshykh/phalcon.local/tests/api/Rest/V1/Test/LimitCept.php" feature="GET limit records: /api/v1/logs?limit=5" assertions="3" time="0.178958"/>
    <testcase name="LongRequest" file="/Users/stanislavmenshykh/phalcon.local/tests/api/Rest/V1/Test/LongRequestCept.php" feature="GET 414 Long Request: /api/v1/pages?columns=....." assertions="3" time="0.030056"/>
    <testcase name="NotAcceptable" file="/Users/stanislavmenshykh/phalcon.local/tests/api/Rest/V1/Test/NotAcceptableCept.php" feature="GET 406 Not Acceptable: /api/v1/users" assertions="3" time="0.026263"/>
    <testcase name="NotFoundException" file="/Users/stanislavmenshykh/phalcon.local/tests/api/Rest/V1/Test/NotFoundExceptionCept.php" feature="GET 404 NotFound: /api/v1/undefined/page" assertions="3" time="0.018167"/>
    <testcase name="PostRequiredFields" file="/Users/stanislavmenshykh/phalcon.local/tests/api/Rest/V1/Test/PostRequiredFieldsCept.php" feature="POST 400 Required Fields: /api/v1/sign" assertions="3" time="0.026967"/>
    <testcase name="Unauthorized" file="/Users/stanislavmenshykh/phalcon.local/tests/api/Rest/V1/Test/UnauthorizedCept.php" feature="GET 401 Unauthorized: /api/v1/users" assertions="3" time="0.031388"/>
    <testcase name="GetUsers" file="/Users/stanislavmenshykh/phalcon.local/tests/api/Rest/V1/Users/GetUsersCept.php" feature="GET users list: /api/v1/users" assertions="7" time="0.098842"/>
    <testcase name="GetUsersColumns" file="/Users/stanislavmenshykh/phalcon.local/tests/api/Rest/V1/Users/GetUsersColumnsCept.php" feature="GET users list columns: /api/v1/users?columns=id,login,name" assertions="7" time="0.166023"/>
  </testsuite>
</testsuites>
